<?xml version="1.0" encoding="UTF-8"?>
<coverage generated="1719943836405" clover="3.2.0">
  <project timestamp="1719943836405" name="All files">
    <metrics statements="33" coveredstatements="27" conditionals="0" coveredconditionals="0" methods="14" coveredmethods="10" elements="47" coveredelements="37" complexity="0" loc="33" ncloc="33" packages="1" files="1" classes="1"/>
    <file name="Todos.jsx" path="/Users/bytedance/Documents/private repos/gradientvs-fastapi-react-test/frontend/src/Components/Todos.jsx">
      <metrics statements="33" coveredstatements="27" conditionals="0" coveredconditionals="0" methods="14" coveredmethods="10"/>
      <line num="20" count="1" type="stmt"/>
      <line num="25" count="5" type="stmt"/>
      <line num="26" count="5" type="stmt"/>
      <line num="28" count="5" type="stmt"/>
      <line num="29" count="1" type="stmt"/>
      <line num="32" count="5" type="stmt"/>
      <line num="33" count="1" type="stmt"/>
      <line num="37" count="1" type="stmt"/>
      <line num="44" count="5" type="stmt"/>
      <line num="60" count="2" type="stmt"/>
      <line num="61" count="2" type="stmt"/>
      <line num="62" count="2" type="stmt"/>
      <line num="64" count="2" type="stmt"/>
      <line num="65" count="0" type="stmt"/>
      <line num="70" count="0" type="stmt"/>
      <line num="71" count="0" type="stmt"/>
      <line num="74" count="2" type="stmt"/>
      <line num="90" count="0" type="stmt"/>
      <line num="105" count="2" type="stmt"/>
      <line num="107" count="2" type="stmt"/>
      <line num="108" count="0" type="stmt"/>
      <line num="113" count="0" type="stmt"/>
      <line num="116" count="2" type="stmt"/>
      <line num="122" count="2" type="stmt"/>
      <line num="138" count="5" type="stmt"/>
      <line num="139" count="4" type="stmt"/>
      <line num="140" count="3" type="stmt"/>
      <line num="141" count="3" type="stmt"/>
      <line num="142" count="3" type="stmt"/>
      <line num="144" count="4" type="stmt"/>
      <line num="145" count="2" type="stmt"/>
      <line num="147" count="4" type="stmt"/>
      <line num="153" count="2" type="stmt"/>
    </file>
  </project>
</coverage>
