{"/Users/bytedance/Documents/private repos/gradientvs-fastapi-react-test/frontend/src/Components/Todos.jsx": {"path":"/Users/bytedance/Documents/private repos/gradientvs-fastapi-react-test/frontend/src/Components/Todos.jsx","statementMap":{"0":{"start":{"line":20,"column":21},"end":{"line":22,"column":2}},"1":{"start":{"line":25,"column":26},"end":{"line":25,"column":44}},"2":{"start":{"line":26,"column":23},"end":{"line":26,"column":53}},"3":{"start":{"line":28,"column":22},"end":{"line":30,"column":3}},"4":{"start":{"line":29,"column":4},"end":{"line":29,"column":31}},"5":{"start":{"line":32,"column":23},"end":{"line":42,"column":3}},"6":{"start":{"line":33,"column":20},"end":{"line":35,"column":5}},"7":{"start":{"line":37,"column":4},"end":{"line":41,"column":23}},"8":{"start":{"line":44,"column":2},"end":{"line":56,"column":3}},"9":{"start":{"line":60,"column":36},"end":{"line":60,"column":51}},"10":{"start":{"line":61,"column":26},"end":{"line":61,"column":40}},"11":{"start":{"line":62,"column":23},"end":{"line":62,"column":53}},"12":{"start":{"line":64,"column":21},"end":{"line":72,"column":3}},"13":{"start":{"line":65,"column":4},"end":{"line":69,"column":6}},"14":{"start":{"line":70,"column":4},"end":{"line":70,"column":13}},"15":{"start":{"line":71,"column":4},"end":{"line":71,"column":22}},"16":{"start":{"line":74,"column":2},"end":{"line":101,"column":3}},"17":{"start":{"line":90,"column":31},"end":{"line":90,"column":54}},"18":{"start":{"line":105,"column":23},"end":{"line":105,"column":53}},"19":{"start":{"line":107,"column":21},"end":{"line":114,"column":3}},"20":{"start":{"line":108,"column":4},"end":{"line":112,"column":6}},"21":{"start":{"line":113,"column":4},"end":{"line":113,"column":22}},"22":{"start":{"line":116,"column":2},"end":{"line":118,"column":3}},"23":{"start":{"line":122,"column":2},"end":{"line":134,"column":3}},"24":{"start":{"line":138,"column":28},"end":{"line":138,"column":40}},"25":{"start":{"line":139,"column":21},"end":{"line":143,"column":3}},"26":{"start":{"line":140,"column":21},"end":{"line":140,"column":62}},"27":{"start":{"line":141,"column":18},"end":{"line":141,"column":39}},"28":{"start":{"line":142,"column":4},"end":{"line":142,"column":24}},"29":{"start":{"line":144,"column":2},"end":{"line":146,"column":8}},"30":{"start":{"line":145,"column":4},"end":{"line":145,"column":16}},"31":{"start":{"line":147,"column":2},"end":{"line":158,"column":3}},"32":{"start":{"line":153,"column":12},"end":{"line":153,"column":94}}},"fnMap":{"0":{"name":"(anonymous_0)","decl":{"start":{"line":21,"column":25},"end":{"line":21,"column":26}},"loc":{"start":{"line":21,"column":31},"end":{"line":21,"column":33}},"line":21},"1":{"name":"AddTodo","decl":{"start":{"line":24,"column":9},"end":{"line":24,"column":16}},"loc":{"start":{"line":24,"column":19},"end":{"line":57,"column":1}},"line":24},"2":{"name":"(anonymous_2)","decl":{"start":{"line":28,"column":22},"end":{"line":28,"column":23}},"loc":{"start":{"line":28,"column":32},"end":{"line":30,"column":3}},"line":28},"3":{"name":"(anonymous_3)","decl":{"start":{"line":32,"column":23},"end":{"line":32,"column":24}},"loc":{"start":{"line":32,"column":34},"end":{"line":42,"column":3}},"line":32},"4":{"name":"UpdateTodo","decl":{"start":{"line":59,"column":9},"end":{"line":59,"column":19}},"loc":{"start":{"line":59,"column":32},"end":{"line":102,"column":1}},"line":59},"5":{"name":"(anonymous_5)","decl":{"start":{"line":64,"column":21},"end":{"line":64,"column":22}},"loc":{"start":{"line":64,"column":33},"end":{"line":72,"column":3}},"line":64},"6":{"name":"(anonymous_6)","decl":{"start":{"line":90,"column":26},"end":{"line":90,"column":27}},"loc":{"start":{"line":90,"column":31},"end":{"line":90,"column":54}},"line":90},"7":{"name":"DeleteTodo","decl":{"start":{"line":104,"column":9},"end":{"line":104,"column":19}},"loc":{"start":{"line":104,"column":26},"end":{"line":119,"column":1}},"line":104},"8":{"name":"(anonymous_8)","decl":{"start":{"line":107,"column":21},"end":{"line":107,"column":22}},"loc":{"start":{"line":107,"column":33},"end":{"line":114,"column":3}},"line":107},"9":{"name":"TodoHelper","decl":{"start":{"line":121,"column":9},"end":{"line":121,"column":19}},"loc":{"start":{"line":121,"column":44},"end":{"line":135,"column":1}},"line":121},"10":{"name":"Todos","decl":{"start":{"line":137,"column":24},"end":{"line":137,"column":29}},"loc":{"start":{"line":137,"column":32},"end":{"line":159,"column":1}},"line":137},"11":{"name":"(anonymous_11)","decl":{"start":{"line":139,"column":21},"end":{"line":139,"column":22}},"loc":{"start":{"line":139,"column":33},"end":{"line":143,"column":3}},"line":139},"12":{"name":"(anonymous_12)","decl":{"start":{"line":144,"column":12},"end":{"line":144,"column":13}},"loc":{"start":{"line":144,"column":18},"end":{"line":146,"column":3}},"line":144},"13":{"name":"(anonymous_13)","decl":{"start":{"line":152,"column":20},"end":{"line":152,"column":21}},"loc":{"start":{"line":153,"column":12},"end":{"line":153,"column":94}},"line":153}},"branchMap":{},"s":{"0":1,"1":5,"2":5,"3":5,"4":1,"5":5,"6":1,"7":1,"8":5,"9":2,"10":2,"11":2,"12":2,"13":0,"14":0,"15":0,"16":2,"17":0,"18":2,"19":2,"20":0,"21":0,"22":2,"23":2,"24":5,"25":4,"26":3,"27":3,"28":3,"29":4,"30":2,"31":4,"32":2},"f":{"0":0,"1":5,"2":1,"3":1,"4":2,"5":0,"6":0,"7":2,"8":0,"9":2,"10":5,"11":3,"12":2,"13":2},"b":{},"_coverageSchema":"1a1c01bbd47fc00a2c39e90264f33305004495a9","hash":"bce6f7fdcba8b0d791f625c01b0e292708879eb7"}
}
