TN:
SF:src/Components/Todos.jsx
FN:21,(anonymous_0)
FN:24,AddTodo
FN:28,(anonymous_2)
FN:32,(anonymous_3)
FN:59,UpdateTodo
FN:64,(anonymous_5)
FN:90,(anonymous_6)
FN:104,DeleteTodo
FN:107,(anonymous_8)
FN:121,TodoHelper
FN:137,Todos
FN:139,(anonymous_11)
FN:144,(anonymous_12)
FN:152,(anonymous_13)
FNF:14
FNH:10
FNDA:0,(anonymous_0)
FNDA:5,AddTodo
FNDA:1,(anonymous_2)
FNDA:1,(anonymous_3)
FNDA:2,UpdateTodo
FNDA:0,(anonymous_5)
FNDA:0,(anonymous_6)
FNDA:2,DeleteTodo
FNDA:0,(anonymous_8)
FNDA:2,TodoHelper
FNDA:5,Todos
FNDA:3,(anonymous_11)
FNDA:2,(anonymous_12)
FNDA:2,(anonymous_13)
DA:20,1
DA:25,5
DA:26,5
DA:28,5
DA:29,1
DA:32,5
DA:33,1
DA:37,1
DA:44,5
DA:60,2
DA:61,2
DA:62,2
DA:64,2
DA:65,0
DA:70,0
DA:71,0
DA:74,2
DA:90,0
DA:105,2
DA:107,2
DA:108,0
DA:113,0
DA:116,2
DA:122,2
DA:138,5
DA:139,4
DA:140,3
DA:141,3
DA:142,3
DA:144,4
DA:145,2
DA:147,4
DA:153,2
LF:33
LH:27
BRF:0
BRH:0
end_of_record
